<?xml version="1.0" encoding="UTF-8"?>
<!-- Generated by org.testng.reporters.JUnitXMLReporter -->
<testsuite ignored="1" hostname="DESKTOP-O295AK1" failures="0" tests="1" name="Default test" time="29.405" errors="0" timestamp="2022-12-05T21:26:13 IST">
  <testcase classname="VenkateshAcademy.Tests.ErrorValidationsTests" name="SubmitOrderTestValidation" time="21.891"/>
  <testcase classname="VenkateshAcademy.Tests.ErrorValidationsTests" name="LoginErrorCheck" time="0.0">
    <ignored/>
  </testcase> <!-- LoginErrorCheck -->
</testsuite> <!-- Default test -->
