<?xml version="1.0" encoding="UTF-8"?>
<!-- Generated by org.testng.reporters.JUnitXMLReporter -->
<testsuite ignored="0" hostname="DESKTOP-O295AK1" failures="0" tests="2" name="ErrorValidateTest1" time="51.623" errors="0" timestamp="2022-12-05T11:58:55 IST">
  <testcase classname="VenkateshAcademy.Tests.ErrorValidationsTests" name="LoginErrorCheck" time="16.447"/>
  <testcase classname="VenkateshAcademy.Tests.ErrorValidationsTests" name="SubmitOrderTestValidation" time="26.589"/>
</testsuite> <!-- ErrorValidateTest1 -->
