<?xml version="1.0" encoding="UTF-8"?>
<!-- Generated by org.testng.reporters.JUnitXMLReporter -->
<testsuite ignored="1" hostname="DESKTOP-O295AK1" failures="1" tests="2" name="Error Validation Test" time="64.616" errors="0" timestamp="2022-12-08T20:07:02 IST">
  <testcase classname="VenkateshAcademy.Tests.ErrorValidationsTests" name="LoginErrorCheck" time="15.433">
    <skipped/>
  </testcase> <!-- LoginErrorCheck -->
  <testcase classname="VenkateshAcademy.Tests.ErrorValidationsTests" name="LoginErrorCheck" time="36.472">
    <failure type="java.lang.AssertionError" message="expected [Incorrect email or password.] but found [Incorrect email  password.]">
      <![CDATA[java.lang.AssertionError: expected [Incorrect email or password.] but found [Incorrect email  password.]
at VenkateshAcademy.Tests.ErrorValidationsTests.LoginErrorCheck(ErrorValidationsTests.java:39)
at java.base/java.util.ArrayList.forEach(ArrayList.java:1511)
at java.base/java.util.concurrent.FutureTask.run(FutureTask.java:264)
at java.base/java.util.concurrent.ThreadPoolExecutor.runWorker(ThreadPoolExecutor.java:1136)
at java.base/java.util.concurrent.ThreadPoolExecutor$Worker.run(ThreadPoolExecutor.java:635)
at java.base/java.lang.Thread.run(Thread.java:833)
... Removed 24 stack frames]]>
    </failure>
  </testcase> <!-- LoginErrorCheck -->
  <testcase classname="VenkateshAcademy.Tests.ErrorValidationsTests" name="SubmitOrderTestValidation" time="0.0">
    <ignored/>
  </testcase> <!-- SubmitOrderTestValidation -->
</testsuite> <!-- Error Validation Test -->
